<?xml version="1.0" encoding="UTF-8"?>
<!-- Generated by org.testng.reporters.JUnitReportReporter -->
<testsuite ignored="0" hostname="DESKTOP-0STEP8D" failures="0" tests="1" name="TestCases.NewTest002" time="44.259" errors="0" timestamp="02 Mar 2021 07:28:34 GMT" skipped="0">
  <testcase classname="TestCases.NewTest002" name="f" time="44.259"/>
</testsuite> <!-- TestCases.NewTest002 -->
